<?xml version="1.0" encoding="UTF-8"?>
<!-- Generated by org.testng.reporters.JUnitReportReporter -->
<testsuite hostname="DESKTOP-28SANPA" name="homeModule.TC_ID" tests="1" failures="0" timestamp="16 Nov 2022 12:48:51 GMT" time="29.738" errors="0">
  <testcase name="TestCaseDescription" time="29.738" classname="homeModule.TC_ID"/>
</testsuite> <!-- homeModule.TC_ID -->
